[2025-10-06 18:29:03] Device registration error: SQLSTATE[HY000]: General error: 1364 Field 'id' doesn't have a default value | User ID: 28 | Device ID: web_f85a911b6aea154be19c71f8e46392e0[2025-10-06 21:45:47] [AUTH] Missing token. Method=POST URI=/api/rider/vehicles/register-vehicle.php
[2025-10-06 21:46:35] [AUTH] Invalid or expired token. Token=eyJ0eXAiOiJKV1QiLCJhbGciOiJIUzI1NiJ9.eyJ1c2VyX2lkIjoyOCwicm9sZSI6Im1lcmNoYW50Iiwic3RvcmVfaWQiOjE1LCJzdG9yZV90eXBlX2lkIjoxLCJpYXQiOjE3NTk3NjgxNDMsImV4cCI6MTc2MjM2MDE0M30.X5papuF1euypwX48-nLBAcEd8sWbT6DL1WVVR0b_8L0
[2025-10-06 21:46:56] Device registration error: SQLSTATE[HY000]: General error: 1364 Field 'id' doesn't have a default value | User ID: 28 | Device ID: web_f85a911b6aea154be19c71f8e46392e0[2025-10-06 21:47:09] [AUTH] Invalid or expired token. Token=eyJ0eXAiOiJKV1QiLCJhbGciOiJIUzI1NiJ9.eyJ1c2VyX2lkIjoyOCwicm9sZSI6Im1lcmNoYW50Iiwic3RvcmVfaWQiOjE1LCJzdG9yZV90eXBlX2lkIjoxLCJpYXQiOjE3NTk3ODAwMTYsImV4cCI6MTc2MjM3MjAxNn0.Xw9G2ZVuUw5298IKXU0apK5BRbquuhZCLfnbge47CbE
[2025-10-06 21:55:26] [AUTH] Invalid or expired token. Token=eyJ0eXAiOiJKV1QiLCJhbGciOiJIUzI1NiJ9.eyJ1c2VyX2lkIjoyOCwicm9sZSI6Im1lcmNoYW50Iiwic3RvcmVfaWQiOjE1LCJzdG9yZV90eXBlX2lkIjoxLCJpYXQiOjE3NTk3ODAwMTYsImV4cCI6MTc2MjM3MjAxNn0.Xw9G2ZVuUw5298IKXU0apK5BRbquuhZCLfnbge47CbE
[2025-10-06 21:58:47] [AUTH] Invalid or expired token. Token=eyJ0eXAiOiJKV1QiLCJhbGciOiJIUzI1NiJ9.eyJ1c2VyX2lkIjoyOCwicm9sZSI6Im1lcmNoYW50Iiwic3RvcmVfaWQiOjE1LCJzdG9yZV90eXBlX2lkIjoxLCJpYXQiOjE3NTk3ODAwMTYsImV4cCI6MTc2MjM3MjAxNn0.Xw9G2ZVuUw5298IKXU0apK5BRbquuhZCLfnbge47CbE
[2025-10-06 22:32:29] Device registration error: SQLSTATE[HY000]: General error: 1364 Field 'id' doesn't have a default value | User ID: 28 | Device ID: web_f85a911b6aea154be19c71f8e46392e0[2025-10-06 22:32:43] [AUTH] Invalid or expired token. Token=eyJ0eXAiOiJKV1QiLCJhbGciOiJIUzI1NiJ9.eyJ1c2VyX2lkIjoyOCwicm9sZSI6Im1lcmNoYW50Iiwic3RvcmVfaWQiOjE1LCJzdG9yZV90eXBlX2lkIjoxLCJpYXQiOjE3NTk3ODI3NDksImV4cCI6MTc2MjM3NDc0OX0.KIcb_KJRk2t3Od8REaRY2D5Y-TPkLatI0OveLaQQ8W4
[2025-10-06 22:37:28] [AUTH] Invalid or expired token. Token=eyJ0eXAiOiJKV1QiLCJhbGciOiJIUzI1NiJ9.eyJ1c2VyX2lkIjoyOCwicm9sZSI6Im1lcmNoYW50Iiwic3RvcmVfaWQiOjE1LCJzdG9yZV90eXBlX2lkIjoxLCJpYXQiOjE3NTk3ODI3NDksImV4cCI6MTc2MjM3NDc0OX0.KIcb_KJRk2t3Od8REaRY2D5Y-TPkLatI0OveLaQQ8W4
[2025-10-06 22:38:47] [AUTH] Missing token. Method=POST URI=/api/rider/vehicles/register-vehicle.php
[2025-10-06 22:39:05] [AUTH] Invalid or expired token. Token=eyJ0eXAiOiJKV1QiLCJhbGciOiJIUzI1NiJ9.eyJ1c2VyX2lkIjoyOCwicm9sZSI6Im1lcmNoYW50Iiwic3RvcmVfaWQiOjE1LCJzdG9yZV90eXBlX2lkIjoxLCJpYXQiOjE3NTk3ODI3NDksImV4cCI6MTc2MjM3NDc0OX0.KIcb_KJRk2t3Od8REaRY2D5Y-TPkLatI0OveLaQQ8W4
[2025-10-06 22:40:16] [AUTH] Invalid or expired token. Token=eyJ0eXAiOiJKV1QiLCJhbGciOiJIUzI1NiJ9.eyJ1c2VyX2lkIjoyOCwicm9sZSI6Im1lcmNoYW50Iiwic3RvcmVfaWQiOjE1LCJzdG9yZV90eXBlX2lkIjoxLCJpYXQiOjE3NTk3ODI3NDksImV4cCI6MTc2MjM3NDc0OX0.KIcb_KJRk2t3Od8REaRY2D5Y-TPkLatI0OveLaQQ8W4
[2025-10-06 22:40:30] [AUTH] Invalid or expired token. Token=eyJ0eXAiOiJKV1QiLCJhbGciOiJIUzI1NiJ9.eyJ1c2VyX2lkIjoyOCwicm9sZSI6Im1lcmNoYW50Iiwic3RvcmVfaWQiOjE1LCJzdG9yZV90eXBlX2lkIjoxLCJpYXQiOjE3NTk3ODI3NDksImV4cCI6MTc2MjM3NDc0OX0.KIcb_KJRk2t3Od8REaRY2D5Y-TPkLatI0OveLaQQ8W4
[2025-10-06 22:50:00] Device registration error: SQLSTATE[HY000]: General error: 1364 Field 'id' doesn't have a default value | User ID: 28 | Device ID: web_f85a911b6aea154be19c71f8e46392e0[2025-10-06 22:50:31] [AUTH] Success for user_id=28 role=merchant
[2025-10-06 22:50:31] Device registration error: SQLSTATE[HY000]: General error: 1364 Field 'id' doesn't have a default value | User ID: 28 | Device ID: web_f85a911b6aea154be19c71f8e46392e0[2025-10-06 22:54:34] [AUTH] Success for user_id=28 role=merchant
[2025-10-06 22:54:34] Device registration error: SQLSTATE[HY000]: General error: 1364 Field 'id' doesn't have a default value | User ID: 28 | Device ID: web_f85a911b6aea154be19c71f8e46392e0[2025-10-06 22:54:51] [AUTH] Success for user_id=28 role=merchant
[2025-10-06 22:54:51] Device registration error: SQLSTATE[HY000]: General error: 1364 Field 'id' doesn't have a default value | User ID: 28 | Device ID: web_f85a911b6aea154be19c71f8e46392e0[2025-10-06 22:57:43] [AUTH] Success for user_id=28 role=merchant
[2025-10-06 22:57:43] Device registration error: SQLSTATE[HY000]: General error: 1364 Field 'id' doesn't have a default value | User ID: 28 | Device ID: web_f85a911b6aea154be19c71f8e46392e0[2025-10-06 23:04:40] [AUTH] Success for user_id=28 role=merchant
[2025-10-06 23:04:40] Device registration error: SQLSTATE[HY000]: General error: 1364 Field 'id' doesn't have a default value | User ID: 28 | Device ID: web_f85a911b6aea154be19c71f8e46392e0[2025-10-06 23:05:25] [AUTH] Success for user_id=28 role=merchant
[2025-10-06 23:05:25] Device registration error: SQLSTATE[HY000]: General error: 1364 Field 'id' doesn't have a default value | User ID: 28 | Device ID: web_f85a911b6aea154be19c71f8e46392e0[2025-10-06 23:06:26] [AUTH] Success for user_id=28 role=merchant
[2025-10-06 23:06:26] Device registration error: SQLSTATE[HY000]: General error: 1364 Field 'id' doesn't have a default value | User ID: 28 | Device ID: web_f85a911b6aea154be19c71f8e46392e0[2025-10-06 23:06:31] [AUTH] Success for user_id=28 role=merchant
[2025-10-06 23:06:31] Device registration error: SQLSTATE[HY000]: General error: 1364 Field 'id' doesn't have a default value | User ID: 28 | Device ID: web_f85a911b6aea154be19c71f8e46392e0[2025-10-06 23:06:36] [AUTH] Success for user_id=28 role=merchant
[2025-10-06 23:06:36] Device registration error: SQLSTATE[HY000]: General error: 1364 Field 'id' doesn't have a default value | User ID: 28 | Device ID: web_f85a911b6aea154be19c71f8e46392e0[2025-10-06 23:07:26] [AUTH] Success for user_id=28 role=merchant
[2025-10-06 23:07:26] Device registration error: SQLSTATE[HY000]: General error: 1364 Field 'id' doesn't have a default value | User ID: 28 | Device ID: web_f85a911b6aea154be19c71f8e46392e0[2025-10-06 23:08:05] [AUTH] Success for user_id=28 role=merchant
[2025-10-06 23:08:05] Device registration error: SQLSTATE[HY000]: General error: 1364 Field 'id' doesn't have a default value | User ID: 28 | Device ID: web_f85a911b6aea154be19c71f8e46392e0[2025-10-06 23:08:28] [AUTH] Success for user_id=28 role=merchant
[2025-10-06 23:08:28] Device registration error: SQLSTATE[HY000]: General error: 1364 Field 'id' doesn't have a default value | User ID: 28 | Device ID: web_f85a911b6aea154be19c71f8e46392e0[2025-10-06 23:08:40] [AUTH] Success for user_id=28 role=merchant
[2025-10-06 23:08:40] Device registration error: SQLSTATE[HY000]: General error: 1364 Field 'id' doesn't have a default value | User ID: 28 | Device ID: web_f85a911b6aea154be19c71f8e46392e0[2025-10-06 23:38:39] [AUTH] Success for user_id=28 role=merchant
[2025-10-06 23:38:39] Device registration error: SQLSTATE[HY000]: General error: 1364 Field 'id' doesn't have a default value | User ID: 28 | Device ID: web_f85a911b6aea154be19c71f8e46392e0[2025-10-06 23:39:30] [AUTH] Success for user_id=28 role=merchant
[2025-10-06 23:39:30] Device registration error: SQLSTATE[HY000]: General error: 1364 Field 'id' doesn't have a default value | User ID: 28 | Device ID: web_f85a911b6aea154be19c71f8e46392e0[2025-10-06 23:39:47] [AUTH] Success for user_id=28 role=merchant
[2025-10-06 23:39:47] Device registration error: SQLSTATE[HY000]: General error: 1364 Field 'id' doesn't have a default value | User ID: 28 | Device ID: web_f85a911b6aea154be19c71f8e46392e0[2025-10-06 23:40:14] [AUTH] Success for user_id=28 role=merchant
[2025-10-06 23:40:14] Device registration error: SQLSTATE[HY000]: General error: 1364 Field 'id' doesn't have a default value | User ID: 28 | Device ID: web_f85a911b6aea154be19c71f8e46392e0[2025-10-06 23:40:43] [AUTH] Success for user_id=28 role=merchant
[2025-10-06 23:40:43] Device registration error: SQLSTATE[HY000]: General error: 1364 Field 'id' doesn't have a default value | User ID: 28 | Device ID: web_f85a911b6aea154be19c71f8e46392e0[2025-10-06 23:41:03] [AUTH] Success for user_id=28 role=merchant
[2025-10-06 23:41:03] Device registration error: SQLSTATE[HY000]: General error: 1364 Field 'id' doesn't have a default value | User ID: 28 | Device ID: web_f85a911b6aea154be19c71f8e46392e0[2025-10-06 23:42:23] [AUTH] Success for user_id=28 role=merchant
[2025-10-06 23:42:23] Device registration error: SQLSTATE[HY000]: General error: 1364 Field 'id' doesn't have a default value | User ID: 28 | Device ID: web_f85a911b6aea154be19c71f8e46392e0[2025-10-06 23:42:35] [AUTH] Success for user_id=28 role=merchant
[2025-10-06 23:42:35] Device registration error: SQLSTATE[HY000]: General error: 1364 Field 'id' doesn't have a default value | User ID: 28 | Device ID: web_f85a911b6aea154be19c71f8e46392e0[2025-10-06 23:43:10] [AUTH] Success for user_id=28 role=merchant
[2025-10-06 23:43:10] Device registration error: SQLSTATE[HY000]: General error: 1364 Field 'id' doesn't have a default value | User ID: 28 | Device ID: web_f85a911b6aea154be19c71f8e46392e0[2025-10-06 23:43:37] [AUTH] Success for user_id=28 role=merchant
[2025-10-06 23:43:37] Device registration error: SQLSTATE[HY000]: General error: 1364 Field 'id' doesn't have a default value | User ID: 28 | Device ID: web_f85a911b6aea154be19c71f8e46392e0[2025-10-06 23:43:50] [AUTH] Success for user_id=28 role=merchant
[2025-10-06 23:43:50] Device registration error: SQLSTATE[HY000]: General error: 1364 Field 'id' doesn't have a default value | User ID: 28 | Device ID: web_f85a911b6aea154be19c71f8e46392e0[2025-10-06 23:44:38] [AUTH] Success for user_id=28 role=merchant
[2025-10-06 23:44:38] Device registration error: SQLSTATE[HY000]: General error: 1364 Field 'id' doesn't have a default value | User ID: 28 | Device ID: web_f85a911b6aea154be19c71f8e46392e0[2025-10-06 23:48:39] [AUTH] Success for user_id=28 role=merchant
[2025-10-06 23:48:39] Device registration error: SQLSTATE[HY000]: General error: 1364 Field 'id' doesn't have a default value | User ID: 28 | Device ID: web_f85a911b6aea154be19c71f8e46392e0[2025-10-06 23:49:13] [AUTH] Success for user_id=28 role=merchant
[2025-10-06 23:49:13] Device registration error: SQLSTATE[HY000]: General error: 1364 Field 'id' doesn't have a default value | User ID: 28 | Device ID: web_f85a911b6aea154be19c71f8e46392e0[2025-10-06 23:50:21] [AUTH] Success for user_id=28 role=merchant
[2025-10-06 23:50:21] Device registration error: SQLSTATE[HY000]: General error: 1364 Field 'id' doesn't have a default value | User ID: 28 | Device ID: web_f85a911b6aea154be19c71f8e46392e0[2025-10-06 23:54:50] [AUTH] Success for user_id=28 role=merchant
[2025-10-06 23:54:50] Device registration error: SQLSTATE[HY000]: General error: 1364 Field 'id' doesn't have a default value | User ID: 28 | Device ID: web_f85a911b6aea154be19c71f8e46392e0[2025-10-06 23:55:11] [AUTH] Success for user_id=28 role=merchant
[2025-10-06 23:55:11] Device registration error: SQLSTATE[HY000]: General error: 1364 Field 'id' doesn't have a default value | User ID: 28 | Device ID: web_f85a911b6aea154be19c71f8e46392e0[2025-10-06 23:55:48] [AUTH] Success for user_id=28 role=merchant
[2025-10-06 23:55:48] Device registration error: SQLSTATE[HY000]: General error: 1364 Field 'id' doesn't have a default value | User ID: 28 | Device ID: web_f85a911b6aea154be19c71f8e46392e0[2025-10-06 23:56:34] [AUTH] Success for user_id=28 role=merchant
[2025-10-06 23:56:34] Device registration error: SQLSTATE[HY000]: General error: 1364 Field 'id' doesn't have a default value | User ID: 28 | Device ID: web_f85a911b6aea154be19c71f8e46392e0[2025-10-06 23:56:40] [AUTH] Success for user_id=28 role=merchant
[2025-10-06 23:56:40] Device registration error: SQLSTATE[HY000]: General error: 1364 Field 'id' doesn't have a default value | User ID: 28 | Device ID: web_f85a911b6aea154be19c71f8e46392e0[2025-10-06 23:58:21] [AUTH] Success for user_id=28 role=merchant
[2025-10-06 23:58:21] Device registration error: SQLSTATE[HY000]: General error: 1364 Field 'id' doesn't have a default value | User ID: 28 | Device ID: web_f85a911b6aea154be19c71f8e46392e0[2025-10-06 23:58:50] [AUTH] Success for user_id=28 role=merchant
[2025-10-06 23:58:50] Device registration error: SQLSTATE[HY000]: General error: 1364 Field 'id' doesn't have a default value | User ID: 28 | Device ID: web_f85a911b6aea154be19c71f8e46392e0[2025-10-06 23:59:00] [AUTH] Success for user_id=28 role=merchant
[2025-10-06 23:59:00] Device registration error: SQLSTATE[HY000]: General error: 1364 Field 'id' doesn't have a default value | User ID: 28 | Device ID: web_f85a911b6aea154be19c71f8e46392e0[2025-10-06 23:59:35] [AUTH] Success for user_id=28 role=merchant
[2025-10-06 23:59:35] Device registration error: SQLSTATE[HY000]: General error: 1364 Field 'id' doesn't have a default value | User ID: 28 | Device ID: web_f85a911b6aea154be19c71f8e46392e0[2025-10-07 00:01:15] [AUTH] Success for user_id=28 role=merchant
[2025-10-07 00:01:15] Device registration error: SQLSTATE[HY000]: General error: 1364 Field 'id' doesn't have a default value | User ID: 28 | Device ID: web_f85a911b6aea154be19c71f8e46392e0[2025-10-07 00:01:36] [AUTH] Success for user_id=28 role=merchant
[2025-10-07 00:01:36] Device registration error: SQLSTATE[HY000]: General error: 1364 Field 'id' doesn't have a default value | User ID: 28 | Device ID: web_f85a911b6aea154be19c71f8e46392e0[2025-10-07 00:01:45] [AUTH] Success for user_id=28 role=merchant
[2025-10-07 00:01:45] Device registration error: SQLSTATE[HY000]: General error: 1364 Field 'id' doesn't have a default value | User ID: 28 | Device ID: web_f85a911b6aea154be19c71f8e46392e0[2025-10-07 00:20:39] [AUTH] Success for user_id=28 role=merchant
[2025-10-07 00:20:39] Device registration error: SQLSTATE[HY000]: General error: 1364 Field 'id' doesn't have a default value | User ID: 28 | Device ID: web_f85a911b6aea154be19c71f8e46392e0[2025-10-07 00:21:03] [AUTH] Success for user_id=28 role=merchant
[2025-10-07 00:21:03] Device registration error: SQLSTATE[HY000]: General error: 1364 Field 'id' doesn't have a default value | User ID: 28 | Device ID: web_f85a911b6aea154be19c71f8e46392e0[2025-10-07 00:21:33] [AUTH] Success for user_id=28 role=merchant
[2025-10-07 00:21:33] Device registration error: SQLSTATE[HY000]: General error: 1364 Field 'id' doesn't have a default value | User ID: 28 | Device ID: web_f85a911b6aea154be19c71f8e46392e0[2025-10-07 00:21:48] [AUTH] Success for user_id=28 role=merchant
[2025-10-07 00:21:48] Device registration error: SQLSTATE[HY000]: General error: 1364 Field 'id' doesn't have a default value | User ID: 28 | Device ID: web_f85a911b6aea154be19c71f8e46392e0[2025-10-07 00:22:05] [AUTH] Success for user_id=28 role=merchant
[2025-10-07 00:22:05] Device registration error: SQLSTATE[HY000]: General error: 1364 Field 'id' doesn't have a default value | User ID: 28 | Device ID: web_f85a911b6aea154be19c71f8e46392e0[2025-10-07 00:22:44] [AUTH] Success for user_id=28 role=merchant
[2025-10-07 00:22:44] Device registration error: SQLSTATE[HY000]: General error: 1364 Field 'id' doesn't have a default value | User ID: 28 | Device ID: web_f85a911b6aea154be19c71f8e46392e0[2025-10-07 00:25:13] [AUTH] Success for user_id=28 role=merchant
[2025-10-07 00:25:13] Device registration error: SQLSTATE[HY000]: General error: 1364 Field 'id' doesn't have a default value | User ID: 28 | Device ID: web_f85a911b6aea154be19c71f8e46392e0[2025-10-07 00:25:28] [AUTH] Success for user_id=28 role=merchant
[2025-10-07 00:25:28] Device registration error: SQLSTATE[HY000]: General error: 1364 Field 'id' doesn't have a default value | User ID: 28 | Device ID: web_f85a911b6aea154be19c71f8e46392e0[2025-10-07 00:25:48] [AUTH] Success for user_id=28 role=merchant
[2025-10-07 00:25:48] Device registration error: SQLSTATE[HY000]: General error: 1364 Field 'id' doesn't have a default value | User ID: 28 | Device ID: web_f85a911b6aea154be19c71f8e46392e0[2025-10-07 00:26:11] [AUTH] Success for user_id=28 role=merchant
[2025-10-07 00:26:11] Device registration error: SQLSTATE[HY000]: General error: 1364 Field 'id' doesn't have a default value | User ID: 28 | Device ID: web_f85a911b6aea154be19c71f8e46392e0[2025-10-07 00:28:41] [AUTH] Success for user_id=28 role=merchant
[2025-10-07 00:28:41] Device registration error: SQLSTATE[HY000]: General error: 1364 Field 'id' doesn't have a default value | User ID: 28 | Device ID: web_f85a911b6aea154be19c71f8e46392e0[2025-10-07 00:29:22] [AUTH] Success for user_id=28 role=merchant
[2025-10-07 00:29:22] Device registration error: SQLSTATE[HY000]: General error: 1364 Field 'id' doesn't have a default value | User ID: 28 | Device ID: web_f85a911b6aea154be19c71f8e46392e0[2025-10-07 00:32:12] [AUTH] Success for user_id=28 role=merchant
[2025-10-07 00:32:12] Device registration error: SQLSTATE[HY000]: General error: 1364 Field 'id' doesn't have a default value | User ID: 28 | Device ID: web_f85a911b6aea154be19c71f8e46392e0[2025-10-07 00:34:52] [AUTH] Success for user_id=28 role=merchant
[2025-10-07 00:34:52] Device registration error: SQLSTATE[HY000]: General error: 1364 Field 'id' doesn't have a default value | User ID: 28 | Device ID: web_f85a911b6aea154be19c71f8e46392e0[2025-10-07 00:34:58] [AUTH] Success for user_id=28 role=merchant
[2025-10-07 00:34:58] Device registration error: SQLSTATE[HY000]: General error: 1364 Field 'id' doesn't have a default value | User ID: 28 | Device ID: web_f85a911b6aea154be19c71f8e46392e0[2025-10-07 00:38:18] [AUTH] Success for user_id=28 role=merchant
[2025-10-07 00:38:18] Device registration error: SQLSTATE[HY000]: General error: 1364 Field 'id' doesn't have a default value | User ID: 28 | Device ID: web_f85a911b6aea154be19c71f8e46392e0[2025-10-07 00:39:02] [AUTH] Success for user_id=28 role=merchant
[2025-10-07 00:39:02] Device registration error: SQLSTATE[HY000]: General error: 1364 Field 'id' doesn't have a default value | User ID: 28 | Device ID: web_f85a911b6aea154be19c71f8e46392e0[2025-10-07 01:25:05] [AUTH] Success for user_id=28 role=merchant
[2025-10-07 01:25:05] Device registration error: SQLSTATE[HY000]: General error: 1364 Field 'id' doesn't have a default value | User ID: 28 | Device ID: web_f85a911b6aea154be19c71f8e46392e0[2025-10-07 01:27:40] [AUTH] Success for user_id=28 role=merchant
[2025-10-07 01:27:40] Device registration error: SQLSTATE[HY000]: General error: 1364 Field 'id' doesn't have a default value | User ID: 28 | Device ID: web_f85a911b6aea154be19c71f8e46392e0[2025-10-07 01:28:02] [AUTH] Success for user_id=28 role=merchant
[2025-10-07 01:28:02] Device registration error: SQLSTATE[HY000]: General error: 1364 Field 'id' doesn't have a default value | User ID: 28 | Device ID: web_f85a911b6aea154be19c71f8e46392e0[2025-10-07 01:28:58] [AUTH] Success for user_id=28 role=merchant
[2025-10-07 01:28:58] Device registration error: SQLSTATE[HY000]: General error: 1364 Field 'id' doesn't have a default value | User ID: 28 | Device ID: web_f85a911b6aea154be19c71f8e46392e0[2025-10-07 01:29:48] [AUTH] Success for user_id=28 role=merchant
[2025-10-07 01:29:48] Device registration error: SQLSTATE[HY000]: General error: 1364 Field 'id' doesn't have a default value | User ID: 28 | Device ID: web_f85a911b6aea154be19c71f8e46392e0[2025-10-07 01:30:57] [AUTH] Success for user_id=28 role=merchant
[2025-10-07 01:30:57] Device registration error: SQLSTATE[HY000]: General error: 1364 Field 'id' doesn't have a default value | User ID: 28 | Device ID: web_f85a911b6aea154be19c71f8e46392e0[2025-10-07 01:32:46] [AUTH] Success for user_id=28 role=merchant
[2025-10-07 01:32:46] Device registration error: SQLSTATE[HY000]: General error: 1364 Field 'id' doesn't have a default value | User ID: 28 | Device ID: web_f85a911b6aea154be19c71f8e46392e0[2025-10-07 01:32:55] [AUTH] Success for user_id=28 role=merchant
[2025-10-07 01:32:55] Device registration error: SQLSTATE[HY000]: General error: 1364 Field 'id' doesn't have a default value | User ID: 28 | Device ID: web_f85a911b6aea154be19c71f8e46392e0[2025-10-07 01:33:02] [AUTH] Success for user_id=28 role=merchant
[2025-10-07 01:33:02] Device registration error: SQLSTATE[HY000]: General error: 1364 Field 'id' doesn't have a default value | User ID: 28 | Device ID: web_f85a911b6aea154be19c71f8e46392e0[2025-10-07 01:33:17] [AUTH] Success for user_id=28 role=merchant
[2025-10-07 01:33:17] Device registration error: SQLSTATE[HY000]: General error: 1364 Field 'id' doesn't have a default value | User ID: 28 | Device ID: web_f85a911b6aea154be19c71f8e46392e0[2025-10-07 01:33:41] [AUTH] Success for user_id=28 role=merchant
[2025-10-07 01:33:41] Device registration error: SQLSTATE[HY000]: General error: 1364 Field 'id' doesn't have a default value | User ID: 28 | Device ID: web_f85a911b6aea154be19c71f8e46392e0[2025-10-07 01:33:48] [AUTH] Success for user_id=28 role=merchant
[2025-10-07 01:33:48] Device registration error: SQLSTATE[HY000]: General error: 1364 Field 'id' doesn't have a default value | User ID: 28 | Device ID: web_f85a911b6aea154be19c71f8e46392e0[2025-10-07 01:33:55] [AUTH] Success for user_id=28 role=merchant
[2025-10-07 01:33:55] Device registration error: SQLSTATE[HY000]: General error: 1364 Field 'id' doesn't have a default value | User ID: 28 | Device ID: web_f85a911b6aea154be19c71f8e46392e0[2025-10-07 01:35:05] [AUTH] Success for user_id=28 role=merchant
[2025-10-07 01:35:05] Device registration error: SQLSTATE[HY000]: General error: 1364 Field 'id' doesn't have a default value | User ID: 28 | Device ID: web_f85a911b6aea154be19c71f8e46392e0[2025-10-07 01:35:18] [AUTH] Success for user_id=28 role=merchant
[2025-10-07 01:35:18] Device registration error: SQLSTATE[HY000]: General error: 1364 Field 'id' doesn't have a default value | User ID: 28 | Device ID: web_f85a911b6aea154be19c71f8e46392e0[2025-10-07 01:36:04] [AUTH] Success for user_id=28 role=merchant
[2025-10-07 01:36:04] Device registration error: SQLSTATE[HY000]: General error: 1364 Field 'id' doesn't have a default value | User ID: 28 | Device ID: web_f85a911b6aea154be19c71f8e46392e0[2025-10-07 01:36:33] [AUTH] Success for user_id=28 role=merchant
[2025-10-07 01:36:33] Device registration error: SQLSTATE[HY000]: General error: 1364 Field 'id' doesn't have a default value | User ID: 28 | Device ID: web_f85a911b6aea154be19c71f8e46392e0[2025-10-07 01:37:06] [AUTH] Success for user_id=28 role=merchant
[2025-10-07 01:37:06] Device registration error: SQLSTATE[HY000]: General error: 1364 Field 'id' doesn't have a default value | User ID: 28 | Device ID: web_f85a911b6aea154be19c71f8e46392e0[2025-10-07 01:37:38] [AUTH] Success for user_id=28 role=merchant
[2025-10-07 01:37:38] Device registration error: SQLSTATE[HY000]: General error: 1364 Field 'id' doesn't have a default value | User ID: 28 | Device ID: web_f85a911b6aea154be19c71f8e46392e0[2025-10-07 01:38:03] [AUTH] Success for user_id=28 role=merchant
[2025-10-07 01:38:03] Device registration error: SQLSTATE[HY000]: General error: 1364 Field 'id' doesn't have a default value | User ID: 28 | Device ID: web_f85a911b6aea154be19c71f8e46392e0[2025-10-07 01:39:26] [AUTH] Success for user_id=28 role=merchant
[2025-10-07 01:39:26] Device registration error: SQLSTATE[HY000]: General error: 1364 Field 'id' doesn't have a default value | User ID: 28 | Device ID: web_f85a911b6aea154be19c71f8e46392e0[2025-10-07 01:39:48] [AUTH] Success for user_id=28 role=merchant
[2025-10-07 01:39:48] Device registration error: SQLSTATE[HY000]: General error: 1364 Field 'id' doesn't have a default value | User ID: 28 | Device ID: web_f85a911b6aea154be19c71f8e46392e0[2025-10-07 01:40:04] [AUTH] Success for user_id=28 role=merchant
[2025-10-07 01:40:04] Device registration error: SQLSTATE[HY000]: General error: 1364 Field 'id' doesn't have a default value | User ID: 28 | Device ID: web_f85a911b6aea154be19c71f8e46392e0[2025-10-07 01:40:20] [AUTH] Success for user_id=28 role=merchant
[2025-10-07 01:40:20] Device registration error: SQLSTATE[HY000]: General error: 1364 Field 'id' doesn't have a default value | User ID: 28 | Device ID: web_f85a911b6aea154be19c71f8e46392e0[2025-10-07 02:04:11] [AUTH] Success for user_id=28 role=merchant
[2025-10-07 02:04:11] Device registration error: SQLSTATE[HY000]: General error: 1364 Field 'id' doesn't have a default value | User ID: 28 | Device ID: web_f85a911b6aea154be19c71f8e46392e0[2025-10-07 02:07:39] [AUTH] Success for user_id=28 role=merchant
[2025-10-07 02:07:39] Device registration error: SQLSTATE[HY000]: General error: 1364 Field 'id' doesn't have a default value | User ID: 28 | Device ID: web_f85a911b6aea154be19c71f8e46392e0[2025-10-07 02:08:06] [AUTH] Success for user_id=28 role=merchant
[2025-10-07 02:08:06] Device registration error: SQLSTATE[HY000]: General error: 1364 Field 'id' doesn't have a default value | User ID: 28 | Device ID: web_f85a911b6aea154be19c71f8e46392e0[2025-10-07 02:08:37] [AUTH] Success for user_id=28 role=merchant
[2025-10-07 02:08:37] Device registration error: SQLSTATE[HY000]: General error: 1364 Field 'id' doesn't have a default value | User ID: 28 | Device ID: web_f85a911b6aea154be19c71f8e46392e0[2025-10-07 02:09:01] [AUTH] Success for user_id=28 role=merchant
[2025-10-07 02:09:01] Device registration error: SQLSTATE[HY000]: General error: 1364 Field 'id' doesn't have a default value | User ID: 28 | Device ID: web_f85a911b6aea154be19c71f8e46392e0[2025-10-07 02:11:18] [AUTH] Success for user_id=28 role=merchant
[2025-10-07 02:11:18] Device registration error: SQLSTATE[HY000]: General error: 1364 Field 'id' doesn't have a default value | User ID: 28 | Device ID: web_f85a911b6aea154be19c71f8e46392e0[2025-10-07 02:12:33] [AUTH] Success for user_id=28 role=merchant
[2025-10-07 02:12:33] Device registration error: SQLSTATE[HY000]: General error: 1364 Field 'id' doesn't have a default value | User ID: 28 | Device ID: web_f85a911b6aea154be19c71f8e46392e0[2025-10-07 02:13:13] [AUTH] Success for user_id=28 role=merchant
[2025-10-07 02:13:13] Device registration error: SQLSTATE[HY000]: General error: 1364 Field 'id' doesn't have a default value | User ID: 28 | Device ID: web_f85a911b6aea154be19c71f8e46392e0[2025-10-07 02:15:41] [AUTH] Success for user_id=28 role=merchant
[2025-10-07 02:15:41] Device registration error: SQLSTATE[HY000]: General error: 1364 Field 'id' doesn't have a default value | User ID: 28 | Device ID: web_f85a911b6aea154be19c71f8e46392e0[2025-10-07 02:16:35] [AUTH] Success for user_id=28 role=merchant
[2025-10-07 02:16:35] Device registration error: SQLSTATE[HY000]: General error: 1364 Field 'id' doesn't have a default value | User ID: 28 | Device ID: web_f85a911b6aea154be19c71f8e46392e0[2025-10-07 02:17:11] [AUTH] Success for user_id=28 role=merchant
[2025-10-07 02:17:11] Device registration error: SQLSTATE[HY000]: General error: 1364 Field 'id' doesn't have a default value | User ID: 28 | Device ID: web_f85a911b6aea154be19c71f8e46392e0[2025-10-07 02:17:30] [AUTH] Success for user_id=28 role=merchant
[2025-10-07 02:17:30] Device registration error: SQLSTATE[HY000]: General error: 1364 Field 'id' doesn't have a default value | User ID: 28 | Device ID: web_f85a911b6aea154be19c71f8e46392e0[2025-10-07 02:20:22] [AUTH] Success for user_id=28 role=merchant
[2025-10-07 02:20:22] Device registration error: SQLSTATE[HY000]: General error: 1364 Field 'id' doesn't have a default value | User ID: 28 | Device ID: web_f85a911b6aea154be19c71f8e46392e0[2025-10-07 02:21:32] [AUTH] Success for user_id=28 role=merchant
[2025-10-07 02:21:32] Device registration error: SQLSTATE[HY000]: General error: 1364 Field 'id' doesn't have a default value | User ID: 28 | Device ID: web_f85a911b6aea154be19c71f8e46392e0[2025-10-07 02:23:08] [AUTH] Success for user_id=28 role=merchant
[2025-10-07 02:23:08] Device registration error: SQLSTATE[HY000]: General error: 1364 Field 'id' doesn't have a default value | User ID: 28 | Device ID: web_f85a911b6aea154be19c71f8e46392e0[2025-10-07 15:21:40] [AUTH] Success for user_id=28 role=merchant
[2025-10-07 15:21:40] Device registration error: SQLSTATE[HY000]: General error: 1364 Field 'id' doesn't have a default value | User ID: 28 | Device ID: web_f85a911b6aea154be19c71f8e46392e0[2025-10-07 15:21:57] [AUTH] Success for user_id=28 role=merchant
[2025-10-07 15:21:57] Device registration error: SQLSTATE[HY000]: General error: 1364 Field 'id' doesn't have a default value | User ID: 28 | Device ID: web_f85a911b6aea154be19c71f8e46392e0[2025-10-07 15:22:33] [AUTH] Success for user_id=28 role=merchant
[2025-10-07 15:22:33] Device registration error: SQLSTATE[HY000]: General error: 1364 Field 'id' doesn't have a default value | User ID: 28 | Device ID: web_f85a911b6aea154be19c71f8e46392e0[2025-10-07 15:23:15] [AUTH] Success for user_id=28 role=merchant
[2025-10-07 15:23:15] Device registration error: SQLSTATE[HY000]: General error: 1364 Field 'id' doesn't have a default value | User ID: 28 | Device ID: web_f85a911b6aea154be19c71f8e46392e0[2025-10-07 15:23:26] [AUTH] Success for user_id=28 role=merchant
[2025-10-07 15:23:26] Device registration error: SQLSTATE[HY000]: General error: 1364 Field 'id' doesn't have a default value | User ID: 28 | Device ID: web_f85a911b6aea154be19c71f8e46392e0[2025-10-07 15:23:32] [AUTH] Success for user_id=28 role=merchant
[2025-10-07 15:23:32] Device registration error: SQLSTATE[HY000]: General error: 1364 Field 'id' doesn't have a default value | User ID: 28 | Device ID: web_f85a911b6aea154be19c71f8e46392e0[2025-10-07 15:24:45] [AUTH] Success for user_id=28 role=merchant
[2025-10-07 15:24:45] Device registration error: SQLSTATE[HY000]: General error: 1364 Field 'id' doesn't have a default value | User ID: 28 | Device ID: web_f85a911b6aea154be19c71f8e46392e0[2025-10-07 15:30:35] [AUTH] Success for user_id=28 role=merchant
[2025-10-07 15:30:35] Device registration error: SQLSTATE[HY000]: General error: 1364 Field 'id' doesn't have a default value | User ID: 28 | Device ID: web_f85a911b6aea154be19c71f8e46392e0[2025-10-07 15:31:59] [AUTH] Success for user_id=28 role=merchant
[2025-10-07 15:31:59] Device registration error: SQLSTATE[HY000]: General error: 1364 Field 'id' doesn't have a default value | User ID: 28 | Device ID: web_f85a911b6aea154be19c71f8e46392e0[2025-10-07 15:32:41] [AUTH] Success for user_id=28 role=merchant
[2025-10-07 15:32:41] Device registration error: SQLSTATE[HY000]: General error: 1364 Field 'id' doesn't have a default value | User ID: 28 | Device ID: web_f85a911b6aea154be19c71f8e46392e0[2025-10-07 15:33:00] [AUTH] Success for user_id=28 role=merchant
[2025-10-07 15:33:00] Device registration error: SQLSTATE[HY000]: General error: 1364 Field 'id' doesn't have a default value | User ID: 28 | Device ID: web_f85a911b6aea154be19c71f8e46392e0[2025-10-07 15:33:00] [AUTH] Success for user_id=28 role=merchant
[2025-10-07 15:33:00] Device registration error: SQLSTATE[HY000]: General error: 1364 Field 'id' doesn't have a default value | User ID: 28 | Device ID: web_f85a911b6aea154be19c71f8e46392e0[2025-10-07 15:34:01] [AUTH] Success for user_id=28 role=merchant
[2025-10-07 15:34:01] Device registration error: SQLSTATE[HY000]: General error: 1364 Field 'id' doesn't have a default value | User ID: 28 | Device ID: web_f85a911b6aea154be19c71f8e46392e0[2025-10-07 15:34:01] [AUTH] Success for user_id=28 role=merchant
[2025-10-07 15:34:01] Device registration error: SQLSTATE[HY000]: General error: 1364 Field 'id' doesn't have a default value | User ID: 28 | Device ID: web_f85a911b6aea154be19c71f8e46392e0[2025-10-07 15:36:22] [AUTH] Success for user_id=28 role=merchant
[2025-10-07 15:36:22] Device registration error: SQLSTATE[HY000]: General error: 1364 Field 'id' doesn't have a default value | User ID: 28 | Device ID: web_f85a911b6aea154be19c71f8e46392e0[2025-10-07 15:36:53] [AUTH] Success for user_id=28 role=merchant
[2025-10-07 15:36:53] Device registration error: SQLSTATE[HY000]: General error: 1364 Field 'id' doesn't have a default value | User ID: 28 | Device ID: web_f85a911b6aea154be19c71f8e46392e0[2025-10-07 15:37:15] [AUTH] Success for user_id=28 role=merchant
[2025-10-07 15:37:15] Device registration error: SQLSTATE[HY000]: General error: 1364 Field 'id' doesn't have a default value | User ID: 28 | Device ID: web_f85a911b6aea154be19c71f8e46392e0[2025-10-07 15:37:52] [AUTH] Success for user_id=28 role=merchant
[2025-10-07 15:37:52] Device registration error: SQLSTATE[HY000]: General error: 1364 Field 'id' doesn't have a default value | User ID: 28 | Device ID: web_f85a911b6aea154be19c71f8e46392e0